2025-08-29 20:02:39,327 - INFO - Uygulama baþlatýlýyor...
2025-08-29 20:03:32,155 - INFO - Uygulama baþlatýlýyor...
2025-08-29 20:05:04,301 - INFO - Uygulama baþlatýlýyor...
2025-08-29 20:05:05,213 - INFO - Ayarlar baþarýyla kaydedildi
2025-08-29 20:05:05,213 - INFO - Ayarlar baþarýyla kaydedildi
2025-08-29 20:05:05,213 - INFO - Ayarlar baþarýyla kaydedildi
2025-08-29 20:05:05,213 - INFO - Ayar güncellendi: auto_change_interval = 0
2025-08-29 20:05:05,213 - INFO - Ayar güncellendi: auto_change_interval = 0
2025-08-29 20:05:05,213 - INFO - Ayar güncellendi: auto_change_interval = 0
2025-08-29 20:05:05,214 - INFO - Parmak Ýzi Kontrolcüsü baþlatýldý
2025-08-29 20:05:05,214 - INFO - Parmak Ýzi Kontrolcüsü baþlatýldý
2025-08-29 20:05:05,214 - INFO - Parmak Ýzi Kontrolcüsü baþlatýldý
2025-08-29 20:06:47,554 - INFO - Ayarlar baþarýyla kaydedildi
2025-08-29 20:06:47,554 - INFO - Ayarlar baþarýyla kaydedildi
2025-08-29 20:06:47,554 - INFO - Ayarlar baþarýyla kaydedildi
2025-08-29 20:06:47,555 - INFO - Profil güncellendi: default
2025-08-29 20:06:47,555 - INFO - Profil güncellendi: default
2025-08-29 20:06:47,555 - INFO - Profil güncellendi: default
2025-08-29 20:06:47,572 - INFO - JavaScript kodu çalýþtýrýldý: Parmak izi deðiþtirildi
2025-08-29 20:06:47,572 - INFO - JavaScript kodu çalýþtýrýldý: Parmak izi deðiþtirildi
2025-08-29 20:06:47,572 - INFO - JavaScript kodu çalýþtýrýldý: Parmak izi deðiþtirildi
2025-08-29 20:09:13,872 - INFO - Ayarlar baþarýyla kaydedildi
2025-08-29 20:09:13,872 - INFO - Ayarlar baþarýyla kaydedildi
2025-08-29 20:09:13,872 - INFO - Ayarlar baþarýyla kaydedildi
2025-08-29 20:09:13,872 - INFO - Ayar güncellendi: theme = dark
2025-08-29 20:09:13,872 - INFO - Ayar güncellendi: theme = dark
2025-08-29 20:09:13,872 - INFO - Ayar güncellendi: theme = dark
2025-08-29 20:09:16,822 - INFO - Ayarlar baþarýyla kaydedildi
2025-08-29 20:09:16,822 - INFO - Ayarlar baþarýyla kaydedildi
2025-08-29 20:09:16,822 - INFO - Ayarlar baþarýyla kaydedildi
2025-08-29 20:09:16,822 - INFO - Ayar güncellendi: theme = light
2025-08-29 20:09:16,822 - INFO - Ayar güncellendi: theme = light
2025-08-29 20:09:16,822 - INFO - Ayar güncellendi: theme = light
2025-08-29 20:10:34,370 - INFO - Ayarlar baþarýyla kaydedildi
2025-08-29 20:10:34,370 - INFO - Ayarlar baþarýyla kaydedildi
2025-08-29 20:10:34,370 - INFO - Ayarlar baþarýyla kaydedildi
2025-08-29 20:10:34,370 - INFO - Aktif profil deðiþtirildi: privacy
2025-08-29 20:10:34,370 - INFO - Aktif profil deðiþtirildi: privacy
2025-08-29 20:10:34,370 - INFO - Aktif profil deðiþtirildi: privacy
2025-08-29 20:10:41,257 - INFO - Ayarlar baþarýyla kaydedildi
2025-08-29 20:10:41,257 - INFO - Ayarlar baþarýyla kaydedildi
2025-08-29 20:10:41,257 - INFO - Ayarlar baþarýyla kaydedildi
2025-08-29 20:10:41,257 - INFO - Aktif profil deðiþtirildi: default
2025-08-29 20:10:41,257 - INFO - Aktif profil deðiþtirildi: default
2025-08-29 20:10:41,257 - INFO - Aktif profil deðiþtirildi: default
2025-08-29 20:10:42,900 - INFO - Ayarlar baþarýyla kaydedildi
2025-08-29 20:10:42,900 - INFO - Ayarlar baþarýyla kaydedildi
2025-08-29 20:10:42,900 - INFO - Ayarlar baþarýyla kaydedildi
2025-08-29 20:10:42,901 - INFO - Aktif profil deðiþtirildi: privacy
2025-08-29 20:10:42,901 - INFO - Aktif profil deðiþtirildi: privacy
2025-08-29 20:10:42,901 - INFO - Aktif profil deðiþtirildi: privacy
2025-08-29 20:12:48,906 - INFO - Ayarlar baþarýyla kaydedildi
2025-08-29 20:12:48,906 - INFO - Ayarlar baþarýyla kaydedildi
2025-08-29 20:12:48,906 - INFO - Ayarlar baþarýyla kaydedildi
2025-08-29 20:12:48,906 - INFO - Ayar güncellendi: startup_profile = privacy
2025-08-29 20:12:48,906 - INFO - Ayar güncellendi: startup_profile = privacy
2025-08-29 20:12:48,906 - INFO - Ayar güncellendi: startup_profile = privacy
